00:29:07:546 [main] INFO  org.testng.internal.Utils - [TestNG] Running:
  E:\N@veeN\Software Testing\Selenium\Selenium_Projects\OpenCartV2.2\runners\master.xml

00:29:12:994 [main] INFO  com.opencart.testcase.TestingPage - Clicked on myaccount link
00:29:13:612 [main] INFO  com.opencart.testcase.TestingPage - Clicked on register link
00:29:13:750 [main] INFO  com.opencart.testcase.TestingPage - Entered firstname
00:29:13:871 [main] INFO  com.opencart.testcase.TestingPage - Entered lastname
00:29:14:004 [main] INFO  com.opencart.testcase.TestingPage - Entered email
00:29:14:119 [main] INFO  com.opencart.testcase.TestingPage - Entered phone number
00:29:14:217 [main] INFO  com.opencart.testcase.TestingPage - Entered password
00:29:14:306 [main] INFO  com.opencart.testcase.TestingPage - Entered confirm password
00:29:14:365 [main] INFO  com.opencart.testcase.TestingPage - Clicked on check box
00:29:14:905 [main] INFO  com.opencart.testcase.TestingPage - Clicked on Continue button
00:29:14:936 [main] INFO  com.opencart.testcase.TestingPage - Actaul and expected success message got matched
00:29:21:993 [main] INFO  com.opencart.testcase.TestingPage - Clicked on myaccount link
00:29:22:379 [main] INFO  com.opencart.testcase.TestingPage - Clicked on register link
00:29:22:518 [main] INFO  com.opencart.testcase.TestingPage - Entered firstname
00:29:22:629 [main] INFO  com.opencart.testcase.TestingPage - Entered lastname
00:29:22:758 [main] INFO  com.opencart.testcase.TestingPage - Entered email
00:29:22:868 [main] INFO  com.opencart.testcase.TestingPage - Entered phone number
00:29:22:959 [main] INFO  com.opencart.testcase.TestingPage - Entered password
00:29:23:040 [main] INFO  com.opencart.testcase.TestingPage - Entered confirm password
00:29:23:099 [main] INFO  com.opencart.testcase.TestingPage - Clicked on check box
00:29:23:635 [main] INFO  com.opencart.testcase.TestingPage - Clicked on Continue button
00:29:23:666 [main] INFO  com.opencart.testcase.TestingPage - Actaul and expected success message got matched
00:29:30:706 [main] INFO  com.opencart.testcase.TestingPage - Clicked on myaccount link
00:29:31:190 [main] INFO  com.opencart.testcase.TestingPage - Clicked on register link
00:29:31:320 [main] INFO  com.opencart.testcase.TestingPage - Entered firstname
00:29:31:452 [main] INFO  com.opencart.testcase.TestingPage - Entered lastname
00:29:31:597 [main] INFO  com.opencart.testcase.TestingPage - Entered email
00:29:31:721 [main] INFO  com.opencart.testcase.TestingPage - Entered phone number
00:29:31:815 [main] INFO  com.opencart.testcase.TestingPage - Entered password
00:29:31:903 [main] INFO  com.opencart.testcase.TestingPage - Entered confirm password
00:29:31:961 [main] INFO  com.opencart.testcase.TestingPage - Clicked on check box
00:29:32:564 [main] INFO  com.opencart.testcase.TestingPage - Clicked on Continue button
00:29:32:602 [main] INFO  com.opencart.testcase.TestingPage - Actaul and expected success message got matched
00:38:05:862 [main] INFO  org.testng.internal.Utils - [TestNG] Running:
  E:\N@veeN\Software Testing\Selenium\Selenium_Projects\OpenCartV2.2\testng.xml

00:38:55:524 [main] INFO  org.testng.internal.Utils - [TestNG] Running:
  E:\N@veeN\Software Testing\Selenium\Selenium_Projects\OpenCartV2.2\testng.xml

00:39:33:543 [main] INFO  org.testng.internal.Utils - [TestNG] Running:
  E:\N@veeN\Software Testing\Selenium\Selenium_Projects\OpenCartV2.2\testng.xml

00:39:38:003 [main] INFO  com.opencart.testcase.TestingPage2 - Clicked on myaccount link
00:39:38:584 [main] INFO  com.opencart.testcase.TestingPage2 - Clicked on register link
00:39:38:704 [main] INFO  com.opencart.testcase.TestingPage2 - Entered firstname
00:39:38:830 [main] INFO  com.opencart.testcase.TestingPage2 - Entered lastname
00:39:38:965 [main] INFO  com.opencart.testcase.TestingPage2 - Entered email
00:39:39:071 [main] INFO  com.opencart.testcase.TestingPage2 - Entered phone number
00:39:39:163 [main] INFO  com.opencart.testcase.TestingPage2 - Entered password
00:39:39:256 [main] INFO  com.opencart.testcase.TestingPage2 - Entered confirm password
00:39:39:318 [main] INFO  com.opencart.testcase.TestingPage2 - Clicked on check box
00:39:39:951 [main] INFO  com.opencart.testcase.TestingPage2 - Clicked on Continue button
00:39:39:998 [main] INFO  com.opencart.testcase.TestingPage2 - Actaul and expected success message got matched
00:39:46:933 [main] INFO  com.opencart.testcase.TestingPage2 - Clicked on myaccount link
00:39:47:474 [main] INFO  com.opencart.testcase.TestingPage2 - Clicked on register link
00:39:47:584 [main] INFO  com.opencart.testcase.TestingPage2 - Entered firstname
00:39:47:714 [main] INFO  com.opencart.testcase.TestingPage2 - Entered lastname
00:39:47:853 [main] INFO  com.opencart.testcase.TestingPage2 - Entered email
00:39:47:961 [main] INFO  com.opencart.testcase.TestingPage2 - Entered phone number
00:39:48:052 [main] INFO  com.opencart.testcase.TestingPage2 - Entered password
00:39:48:135 [main] INFO  com.opencart.testcase.TestingPage2 - Entered confirm password
00:39:48:197 [main] INFO  com.opencart.testcase.TestingPage2 - Clicked on check box
00:39:48:725 [main] INFO  com.opencart.testcase.TestingPage2 - Clicked on Continue button
00:39:48:766 [main] INFO  com.opencart.testcase.TestingPage2 - Actaul and expected success message got matched
00:40:42:600 [main] INFO  org.testng.internal.Utils - [TestNG] Running:
  E:\N@veeN\Software Testing\Selenium\Selenium_Projects\OpenCartV2.2\runners\master.xml

00:40:45:948 [main] INFO  com.opencart.testcase.TestingPage -  ********** Started testingg1 ********** 
00:40:46:863 [main] INFO  com.opencart.testcase.TestingPage - Clicked on myaccount link
00:40:47:393 [main] INFO  com.opencart.testcase.TestingPage - Clicked on register link
00:40:47:549 [main] INFO  com.opencart.testcase.TestingPage - Entered firstname
00:40:47:680 [main] INFO  com.opencart.testcase.TestingPage - Entered lastname
00:40:47:816 [main] INFO  com.opencart.testcase.TestingPage - Entered email
00:40:47:928 [main] INFO  com.opencart.testcase.TestingPage - Entered phone number
00:40:48:015 [main] INFO  com.opencart.testcase.TestingPage - Entered password
00:40:48:100 [main] INFO  com.opencart.testcase.TestingPage - Entered confirm password
00:40:48:163 [main] INFO  com.opencart.testcase.TestingPage - Clicked on check box
00:40:48:730 [main] INFO  com.opencart.testcase.TestingPage - Clicked on Continue button
00:40:48:777 [main] INFO  com.opencart.testcase.TestingPage - Actaul and expected success message got matched
00:40:48:778 [main] INFO  com.opencart.testcase.TestingPage -  ********** Finished testingg1 ********** 
00:40:54:360 [main] INFO  com.opencart.testcase.TestingPage -  ********** Started testingg2 ********** 
00:40:55:472 [main] INFO  com.opencart.testcase.TestingPage - Clicked on myaccount link
00:40:55:864 [main] INFO  com.opencart.testcase.TestingPage - Clicked on register link
00:40:56:024 [main] INFO  com.opencart.testcase.TestingPage - Entered firstname
00:40:56:140 [main] INFO  com.opencart.testcase.TestingPage - Entered lastname
00:40:56:291 [main] INFO  com.opencart.testcase.TestingPage - Entered email
00:40:56:421 [main] INFO  com.opencart.testcase.TestingPage - Entered phone number
00:40:56:527 [main] INFO  com.opencart.testcase.TestingPage - Entered password
00:40:56:630 [main] INFO  com.opencart.testcase.TestingPage - Entered confirm password
00:40:56:715 [main] INFO  com.opencart.testcase.TestingPage - Clicked on check box
00:40:57:272 [main] INFO  com.opencart.testcase.TestingPage - Clicked on Continue button
00:40:57:325 [main] INFO  com.opencart.testcase.TestingPage - Actaul and expected success message got matched
00:40:57:326 [main] INFO  com.opencart.testcase.TestingPage -  ********** Finished testingg1 ********** 
00:41:02:984 [main] INFO  com.opencart.testcase.TestingPage -  ********** Started testingg3 ********** 
00:41:03:947 [main] INFO  com.opencart.testcase.TestingPage - Clicked on myaccount link
00:41:04:401 [main] INFO  com.opencart.testcase.TestingPage - Clicked on register link
00:41:04:524 [main] INFO  com.opencart.testcase.TestingPage - Entered firstname
00:41:04:645 [main] INFO  com.opencart.testcase.TestingPage - Entered lastname
00:41:04:782 [main] INFO  com.opencart.testcase.TestingPage - Entered email
00:41:04:890 [main] INFO  com.opencart.testcase.TestingPage - Entered phone number
00:41:04:977 [main] INFO  com.opencart.testcase.TestingPage - Entered password
00:41:05:060 [main] INFO  com.opencart.testcase.TestingPage - Entered confirm password
00:41:05:119 [main] INFO  com.opencart.testcase.TestingPage - Clicked on check box
00:41:05:644 [main] INFO  com.opencart.testcase.TestingPage - Clicked on Continue button
00:41:05:683 [main] INFO  com.opencart.testcase.TestingPage - Actaul and expected success message got matched
00:41:05:684 [main] INFO  com.opencart.testcase.TestingPage -  ********** Finished testingg1 ********** 
00:43:41:274 [main] INFO  org.testng.internal.Utils - [TestNG] Running:
  E:\N@veeN\Software Testing\Selenium\Selenium_Projects\OpenCartV2.2\runners\sanity.xml

00:43:47:784 [main] INFO  com.opencart.testcase.TestingPage -  ********** Started testingg1 ********** 
00:43:57:451 [main] INFO  com.opencart.testcase.TestingPage -  ********** Started testingg3 ********** 
00:44:06:066 [main] INFO  com.opencart.testcase.TestingPage2 - Clicked on myaccount link
00:44:06:608 [main] INFO  com.opencart.testcase.TestingPage2 - Clicked on register link
00:44:06:713 [main] INFO  com.opencart.testcase.TestingPage2 - Entered firstname
00:44:06:815 [main] INFO  com.opencart.testcase.TestingPage2 - Entered lastname
00:44:06:915 [main] INFO  com.opencart.testcase.TestingPage2 - Entered email
00:44:06:997 [main] INFO  com.opencart.testcase.TestingPage2 - Entered phone number
00:44:07:065 [main] INFO  com.opencart.testcase.TestingPage2 - Entered password
00:44:07:141 [main] INFO  com.opencart.testcase.TestingPage2 - Entered confirm password
00:44:07:199 [main] INFO  com.opencart.testcase.TestingPage2 - Clicked on check box
00:44:07:796 [main] INFO  com.opencart.testcase.TestingPage2 - Clicked on Continue button
00:44:07:846 [main] INFO  com.opencart.testcase.TestingPage2 - Actaul and expected success message got matched
00:44:40:781 [main] INFO  org.testng.internal.Utils - [TestNG] Running:
  E:\N@veeN\Software Testing\Selenium\Selenium_Projects\OpenCartV2.2\runners\regression.xml

00:44:44:721 [main] INFO  com.opencart.testcase.TestingPage -  ********** Started testingg1 ********** 
00:44:54:352 [main] INFO  com.opencart.testcase.TestingPage -  ********** Started testingg2 ********** 
00:45:02:305 [main] INFO  com.opencart.testcase.TestingPage2 - Clicked on myaccount link
00:45:03:062 [main] INFO  com.opencart.testcase.TestingPage2 - Clicked on register link
00:45:03:193 [main] INFO  com.opencart.testcase.TestingPage2 - Entered firstname
00:45:03:321 [main] INFO  com.opencart.testcase.TestingPage2 - Entered lastname
00:45:03:441 [main] INFO  com.opencart.testcase.TestingPage2 - Entered email
00:45:03:523 [main] INFO  com.opencart.testcase.TestingPage2 - Entered phone number
00:45:03:595 [main] INFO  com.opencart.testcase.TestingPage2 - Entered password
00:45:03:687 [main] INFO  com.opencart.testcase.TestingPage2 - Entered confirm password
00:45:03:761 [main] INFO  com.opencart.testcase.TestingPage2 - Clicked on check box
00:45:04:326 [main] INFO  com.opencart.testcase.TestingPage2 - Clicked on Continue button
00:45:04:372 [main] INFO  com.opencart.testcase.TestingPage2 - Actaul and expected success message got matched
00:45:19:074 [main] INFO  org.testng.internal.Utils - [TestNG] Running:
  E:\N@veeN\Software Testing\Selenium\Selenium_Projects\OpenCartV2.2\runners\master2.xml

00:45:23:705 [main] INFO  com.opencart.testcase.TestingPage -  ********** Started testingg1 ********** 
00:45:30:904 [main] INFO  com.opencart.testcase.TestingPage -  ********** Started testingg2 ********** 
00:45:37:785 [main] INFO  com.opencart.testcase.TestingPage -  ********** Started testingg3 ********** 
00:45:52:767 [main] INFO  org.testng.internal.Utils - [TestNG] Running:
  E:\N@veeN\Software Testing\Selenium\Selenium_Projects\OpenCartV2.2\runners\master.xml

00:45:57:861 [main] INFO  com.opencart.testcase.TestingPage -  ********** Started testingg1 ********** 
00:45:58:019 [main] INFO  com.opencart.testcase.TestingPage - Clicked on myaccount link
00:45:58:619 [main] INFO  com.opencart.testcase.TestingPage - Clicked on register link
00:45:58:747 [main] INFO  com.opencart.testcase.TestingPage - Entered firstname
00:45:58:903 [main] INFO  com.opencart.testcase.TestingPage - Entered lastname
00:45:59:067 [main] INFO  com.opencart.testcase.TestingPage - Entered email
00:45:59:228 [main] INFO  com.opencart.testcase.TestingPage - Entered phone number
00:45:59:327 [main] INFO  com.opencart.testcase.TestingPage - Entered password
00:45:59:433 [main] INFO  com.opencart.testcase.TestingPage - Entered confirm password
00:45:59:494 [main] INFO  com.opencart.testcase.TestingPage - Clicked on check box
00:46:00:065 [main] INFO  com.opencart.testcase.TestingPage - Clicked on Continue button
00:46:00:117 [main] INFO  com.opencart.testcase.TestingPage - Actaul and expected success message got matched
00:46:00:117 [main] INFO  com.opencart.testcase.TestingPage -  ********** Finished testingg1 ********** 
00:46:07:304 [main] INFO  com.opencart.testcase.TestingPage -  ********** Started testingg2 ********** 
00:46:07:405 [main] INFO  com.opencart.testcase.TestingPage - Clicked on myaccount link
00:46:07:935 [main] INFO  com.opencart.testcase.TestingPage - Clicked on register link
00:46:08:052 [main] INFO  com.opencart.testcase.TestingPage - Entered firstname
00:46:08:189 [main] INFO  com.opencart.testcase.TestingPage - Entered lastname
00:46:08:335 [main] INFO  com.opencart.testcase.TestingPage - Entered email
00:46:08:445 [main] INFO  com.opencart.testcase.TestingPage - Entered phone number
00:46:08:536 [main] INFO  com.opencart.testcase.TestingPage - Entered password
00:46:08:624 [main] INFO  com.opencart.testcase.TestingPage - Entered confirm password
00:46:08:693 [main] INFO  com.opencart.testcase.TestingPage - Clicked on check box
00:46:09:240 [main] INFO  com.opencart.testcase.TestingPage - Clicked on Continue button
00:46:09:287 [main] INFO  com.opencart.testcase.TestingPage - Actaul and expected success message got matched
00:46:09:287 [main] INFO  com.opencart.testcase.TestingPage -  ********** Finished testingg1 ********** 
00:46:15:082 [main] INFO  com.opencart.testcase.TestingPage -  ********** Started testingg3 ********** 
00:46:16:134 [main] INFO  com.opencart.testcase.TestingPage - Clicked on myaccount link
00:46:16:537 [main] INFO  com.opencart.testcase.TestingPage - Clicked on register link
00:46:16:689 [main] INFO  com.opencart.testcase.TestingPage - Entered firstname
00:46:16:806 [main] INFO  com.opencart.testcase.TestingPage - Entered lastname
00:46:16:944 [main] INFO  com.opencart.testcase.TestingPage - Entered email
00:46:17:046 [main] INFO  com.opencart.testcase.TestingPage - Entered phone number
00:46:17:143 [main] INFO  com.opencart.testcase.TestingPage - Entered password
00:46:17:236 [main] INFO  com.opencart.testcase.TestingPage - Entered confirm password
00:46:17:299 [main] INFO  com.opencart.testcase.TestingPage - Clicked on check box
00:46:17:985 [main] INFO  com.opencart.testcase.TestingPage - Clicked on Continue button
00:46:18:027 [main] INFO  com.opencart.testcase.TestingPage - Actaul and expected success message got matched
00:46:18:028 [main] INFO  com.opencart.testcase.TestingPage -  ********** Finished testingg1 ********** 
00:46:55:517 [main] INFO  org.testng.internal.Utils - [TestNG] Running:
  E:\N@veeN\Software Testing\Selenium\Selenium_Projects\OpenCartV2.2\testng.xml

00:47:01:217 [main] INFO  com.opencart.testcase.TestingPage2 - Clicked on myaccount link
00:47:01:813 [main] INFO  com.opencart.testcase.TestingPage2 - Clicked on register link
00:47:01:943 [main] INFO  com.opencart.testcase.TestingPage2 - Entered firstname
00:47:02:069 [main] INFO  com.opencart.testcase.TestingPage2 - Entered lastname
00:47:02:203 [main] INFO  com.opencart.testcase.TestingPage2 - Entered email
00:47:02:297 [main] INFO  com.opencart.testcase.TestingPage2 - Entered phone number
00:47:02:400 [main] INFO  com.opencart.testcase.TestingPage2 - Entered password
00:47:02:525 [main] INFO  com.opencart.testcase.TestingPage2 - Entered confirm password
00:47:02:601 [main] INFO  com.opencart.testcase.TestingPage2 - Clicked on check box
00:47:03:166 [main] INFO  com.opencart.testcase.TestingPage2 - Clicked on Continue button
00:47:03:215 [main] INFO  com.opencart.testcase.TestingPage2 - Actaul and expected success message got matched
00:47:10:081 [main] INFO  com.opencart.testcase.TestingPage2 - Clicked on myaccount link
00:47:10:761 [main] INFO  com.opencart.testcase.TestingPage2 - Clicked on register link
00:47:10:868 [main] INFO  com.opencart.testcase.TestingPage2 - Entered firstname
00:47:10:996 [main] INFO  com.opencart.testcase.TestingPage2 - Entered lastname
00:47:11:118 [main] INFO  com.opencart.testcase.TestingPage2 - Entered email
00:47:11:207 [main] INFO  com.opencart.testcase.TestingPage2 - Entered phone number
00:47:11:284 [main] INFO  com.opencart.testcase.TestingPage2 - Entered password
00:47:11:360 [main] INFO  com.opencart.testcase.TestingPage2 - Entered confirm password
00:47:11:416 [main] INFO  com.opencart.testcase.TestingPage2 - Clicked on check box
00:47:11:967 [main] INFO  com.opencart.testcase.TestingPage2 - Clicked on Continue button
00:47:12:006 [main] INFO  com.opencart.testcase.TestingPage2 - Actaul and expected success message got matched
00:48:51:658 [main] INFO  org.testng.internal.Utils - [TestNG] Running:
  E:\N@veeN\Software Testing\Selenium\Selenium_Projects\OpenCartV2.2\testng.xml

00:48:56:442 [main] INFO  com.opencart.testcase.TestingPage2 - Clicked on myaccount link
00:48:57:013 [main] INFO  com.opencart.testcase.TestingPage2 - Clicked on register link
00:48:57:124 [main] INFO  com.opencart.testcase.TestingPage2 - Entered firstname
00:48:57:254 [main] INFO  com.opencart.testcase.TestingPage2 - Entered lastname
00:48:57:379 [main] INFO  com.opencart.testcase.TestingPage2 - Entered email
00:48:57:481 [main] INFO  com.opencart.testcase.TestingPage2 - Entered phone number
00:48:57:585 [main] INFO  com.opencart.testcase.TestingPage2 - Entered password
00:48:57:665 [main] INFO  com.opencart.testcase.TestingPage2 - Entered confirm password
00:48:57:742 [main] INFO  com.opencart.testcase.TestingPage2 - Clicked on check box
00:48:58:362 [main] INFO  com.opencart.testcase.TestingPage2 - Clicked on Continue button
00:48:58:398 [main] INFO  com.opencart.testcase.TestingPage2 - Actaul and expected success message got matched
00:49:05:359 [main] INFO  com.opencart.testcase.TestingPage2 - Clicked on myaccount link
00:49:05:912 [main] INFO  com.opencart.testcase.TestingPage2 - Clicked on register link
00:49:06:051 [main] INFO  com.opencart.testcase.TestingPage2 - Entered firstname
00:49:06:180 [main] INFO  com.opencart.testcase.TestingPage2 - Entered lastname
00:49:06:282 [main] INFO  com.opencart.testcase.TestingPage2 - Entered email
00:49:06:357 [main] INFO  com.opencart.testcase.TestingPage2 - Entered phone number
00:49:06:425 [main] INFO  com.opencart.testcase.TestingPage2 - Entered password
00:49:06:500 [main] INFO  com.opencart.testcase.TestingPage2 - Entered confirm password
00:49:06:561 [main] INFO  com.opencart.testcase.TestingPage2 - Clicked on check box
00:49:07:150 [main] INFO  com.opencart.testcase.TestingPage2 - Clicked on Continue button
00:49:07:180 [main] INFO  com.opencart.testcase.TestingPage2 - Actaul and expected success message got matched
17:07:05:433 [main] INFO  org.testng.internal.Utils - [TestNG] Running:
  E:\N@veeN\Software Testing\Selenium\Selenium_Projects\OpenCartV2.2\runners\master.xml

17:07:10:743 [main] INFO  com.opencart.testcase.TestingPage -  ********** Started testingg1 ********** 
17:07:10:998 [main] INFO  com.opencart.testcase.TestingPage - Clicked on myaccount link
17:07:11:600 [main] INFO  com.opencart.testcase.TestingPage - Clicked on register link
17:07:11:738 [main] INFO  com.opencart.testcase.TestingPage - Entered firstname
17:07:11:845 [main] INFO  com.opencart.testcase.TestingPage - Entered lastname
17:07:11:981 [main] INFO  com.opencart.testcase.TestingPage - Entered email
17:07:12:085 [main] INFO  com.opencart.testcase.TestingPage - Entered phone number
17:07:12:174 [main] INFO  com.opencart.testcase.TestingPage - Entered password
17:07:12:267 [main] INFO  com.opencart.testcase.TestingPage - Entered confirm password
17:07:12:337 [main] INFO  com.opencart.testcase.TestingPage - Clicked on check box
17:07:12:907 [main] INFO  com.opencart.testcase.TestingPage - Clicked on Continue button
17:07:12:953 [main] INFO  com.opencart.testcase.TestingPage - Actaul and expected success message got matched
17:07:12:954 [main] INFO  com.opencart.testcase.TestingPage -  ********** Finished testingg1 ********** 
17:07:19:518 [main] INFO  com.opencart.testcase.TestingPage -  ********** Started testingg2 ********** 
17:07:19:596 [main] INFO  com.opencart.testcase.TestingPage - Clicked on myaccount link
17:07:20:113 [main] INFO  com.opencart.testcase.TestingPage - Clicked on register link
17:07:20:249 [main] INFO  com.opencart.testcase.TestingPage - Entered firstname
17:07:20:354 [main] INFO  com.opencart.testcase.TestingPage - Entered lastname
17:07:20:486 [main] INFO  com.opencart.testcase.TestingPage - Entered email
17:07:20:592 [main] INFO  com.opencart.testcase.TestingPage - Entered phone number
17:07:20:707 [main] INFO  com.opencart.testcase.TestingPage - Entered password
17:07:20:792 [main] INFO  com.opencart.testcase.TestingPage - Entered confirm password
17:07:20:858 [main] INFO  com.opencart.testcase.TestingPage - Clicked on check box
17:07:21:552 [main] INFO  com.opencart.testcase.TestingPage - Clicked on Continue button
17:07:21:592 [main] INFO  com.opencart.testcase.TestingPage - Actaul and expected success message got matched
17:07:21:593 [main] INFO  com.opencart.testcase.TestingPage -  ********** Finished testingg1 ********** 
17:07:28:774 [main] INFO  com.opencart.testcase.TestingPage -  ********** Started testingg3 ********** 
17:07:28:853 [main] INFO  com.opencart.testcase.TestingPage - Clicked on myaccount link
17:07:29:722 [main] INFO  com.opencart.testcase.TestingPage - Clicked on register link
17:07:29:862 [main] INFO  com.opencart.testcase.TestingPage - Entered firstname
17:07:29:941 [main] INFO  com.opencart.testcase.TestingPage - Entered lastname
17:07:30:030 [main] INFO  com.opencart.testcase.TestingPage - Entered email
17:07:30:100 [main] INFO  com.opencart.testcase.TestingPage - Entered phone number
17:07:30:167 [main] INFO  com.opencart.testcase.TestingPage - Entered password
17:07:30:231 [main] INFO  com.opencart.testcase.TestingPage - Entered confirm password
17:07:30:285 [main] INFO  com.opencart.testcase.TestingPage - Clicked on check box
17:07:30:894 [main] INFO  com.opencart.testcase.TestingPage - Clicked on Continue button
17:07:30:929 [main] INFO  com.opencart.testcase.TestingPage - Actaul and expected success message got matched
17:07:30:929 [main] INFO  com.opencart.testcase.TestingPage -  ********** Finished testingg1 ********** 
17:08:27:318 [main] INFO  org.testng.internal.Utils - [TestNG] Running:
  E:\N@veeN\Software Testing\Selenium\Selenium_Projects\OpenCartV2.2\runners\master.xml

17:08:30:625 [main] INFO  com.opencart.testcase.TestingPage -  ********** Started testingg1 ********** 
17:08:31:628 [main] INFO  com.opencart.testcase.TestingPage - Clicked on myaccount link
17:08:32:196 [main] INFO  com.opencart.testcase.TestingPage - Clicked on register link
17:08:32:320 [main] INFO  com.opencart.testcase.TestingPage - Entered firstname
17:08:32:445 [main] INFO  com.opencart.testcase.TestingPage - Entered lastname
17:08:32:584 [main] INFO  com.opencart.testcase.TestingPage - Entered email
17:08:32:688 [main] INFO  com.opencart.testcase.TestingPage - Entered phone number
17:08:32:776 [main] INFO  com.opencart.testcase.TestingPage - Entered password
17:08:32:867 [main] INFO  com.opencart.testcase.TestingPage - Entered confirm password
17:08:32:943 [main] INFO  com.opencart.testcase.TestingPage - Clicked on check box
17:08:33:597 [main] INFO  com.opencart.testcase.TestingPage - Clicked on Continue button
17:08:33:649 [main] INFO  com.opencart.testcase.TestingPage - Actaul and expected success message got matched
17:08:33:650 [main] INFO  com.opencart.testcase.TestingPage -  ********** Finished testingg1 ********** 
17:08:39:424 [main] INFO  com.opencart.testcase.TestingPage -  ********** Started testingg2 ********** 
17:08:40:340 [main] INFO  com.opencart.testcase.TestingPage - Clicked on myaccount link
17:08:40:825 [main] INFO  com.opencart.testcase.TestingPage - Clicked on register link
17:08:40:969 [main] INFO  com.opencart.testcase.TestingPage - Entered firstname
17:08:41:100 [main] INFO  com.opencart.testcase.TestingPage - Entered lastname
17:08:41:253 [main] INFO  com.opencart.testcase.TestingPage - Entered email
17:08:41:360 [main] INFO  com.opencart.testcase.TestingPage - Entered phone number
17:08:41:444 [main] INFO  com.opencart.testcase.TestingPage - Entered password
17:08:41:542 [main] INFO  com.opencart.testcase.TestingPage - Entered confirm password
17:08:41:598 [main] INFO  com.opencart.testcase.TestingPage - Clicked on check box
17:08:42:170 [main] INFO  com.opencart.testcase.TestingPage - Clicked on Continue button
17:08:42:213 [main] INFO  com.opencart.testcase.TestingPage - Actaul and expected success message got matched
17:08:42:213 [main] INFO  com.opencart.testcase.TestingPage -  ********** Finished testingg1 ********** 
17:08:48:692 [main] INFO  com.opencart.testcase.TestingPage -  ********** Started testingg3 ********** 
17:08:48:764 [main] INFO  com.opencart.testcase.TestingPage - Clicked on myaccount link
17:08:49:278 [main] INFO  com.opencart.testcase.TestingPage - Clicked on register link
17:08:49:388 [main] INFO  com.opencart.testcase.TestingPage - Entered firstname
17:08:49:491 [main] INFO  com.opencart.testcase.TestingPage - Entered lastname
17:08:49:644 [main] INFO  com.opencart.testcase.TestingPage - Entered email
17:08:49:740 [main] INFO  com.opencart.testcase.TestingPage - Entered phone number
17:08:49:827 [main] INFO  com.opencart.testcase.TestingPage - Entered password
17:08:49:909 [main] INFO  com.opencart.testcase.TestingPage - Entered confirm password
17:08:49:965 [main] INFO  com.opencart.testcase.TestingPage - Clicked on check box
17:08:50:506 [main] INFO  com.opencart.testcase.TestingPage - Clicked on Continue button
17:08:50:547 [main] INFO  com.opencart.testcase.TestingPage - Actaul and expected success message got matched
17:08:50:547 [main] INFO  com.opencart.testcase.TestingPage -  ********** Finished testingg1 ********** 
17:47:25:624 [main] INFO  org.testng.internal.Utils - [TestNG] Running:
  E:\N@veeN\Software Testing\Selenium\Selenium_Projects\OpenCartV2.2\runners\master.xml

17:47:30:282 [main] INFO  com.opencart.testcase.TestingPage -  ********** Started testingg1 ********** 
17:47:30:464 [main] INFO  com.opencart.testcase.TestingPage - Clicked on myaccount link
17:47:31:113 [main] INFO  com.opencart.testcase.TestingPage - Clicked on register link
17:47:31:243 [main] INFO  com.opencart.testcase.TestingPage - Entered firstname
17:47:31:358 [main] INFO  com.opencart.testcase.TestingPage - Entered lastname
17:47:31:500 [main] INFO  com.opencart.testcase.TestingPage - Entered email
17:47:31:606 [main] INFO  com.opencart.testcase.TestingPage - Entered phone number
17:47:31:699 [main] INFO  com.opencart.testcase.TestingPage - Entered password
17:47:31:791 [main] INFO  com.opencart.testcase.TestingPage - Entered confirm password
17:47:31:859 [main] INFO  com.opencart.testcase.TestingPage - Clicked on check box
17:47:32:581 [main] INFO  com.opencart.testcase.TestingPage - Clicked on Continue button
17:47:32:614 [main] INFO  com.opencart.testcase.TestingPage - Actaul and expected success message got matched
17:47:32:614 [main] INFO  com.opencart.testcase.TestingPage -  ********** Finished testingg1 ********** 
17:47:39:739 [main] INFO  com.opencart.testcase.TestingPage -  ********** Started testingg2 ********** 
17:47:39:822 [main] INFO  com.opencart.testcase.TestingPage - Clicked on myaccount link
17:47:40:404 [main] INFO  com.opencart.testcase.TestingPage - Clicked on register link
17:47:40:536 [main] INFO  com.opencart.testcase.TestingPage - Entered firstname
17:47:40:663 [main] INFO  com.opencart.testcase.TestingPage - Entered lastname
17:47:40:797 [main] INFO  com.opencart.testcase.TestingPage - Entered email
17:47:40:903 [main] INFO  com.opencart.testcase.TestingPage - Entered phone number
17:47:40:990 [main] INFO  com.opencart.testcase.TestingPage - Entered password
17:47:41:095 [main] INFO  com.opencart.testcase.TestingPage - Entered confirm password
17:47:41:163 [main] INFO  com.opencart.testcase.TestingPage - Clicked on check box
17:47:41:779 [main] INFO  com.opencart.testcase.TestingPage - Clicked on Continue button
17:47:41:820 [main] INFO  com.opencart.testcase.TestingPage - Actaul and expected success message got matched
17:47:41:821 [main] INFO  com.opencart.testcase.TestingPage -  ********** Finished testingg1 ********** 
17:47:47:268 [main] INFO  com.opencart.testcase.TestingPage -  ********** Started testingg3 ********** 
17:47:48:255 [main] INFO  com.opencart.testcase.TestingPage - Clicked on myaccount link
17:47:48:782 [main] INFO  com.opencart.testcase.TestingPage - Clicked on register link
17:47:48:920 [main] INFO  com.opencart.testcase.TestingPage - Entered firstname
17:47:49:024 [main] INFO  com.opencart.testcase.TestingPage - Entered lastname
17:47:49:157 [main] INFO  com.opencart.testcase.TestingPage - Entered email
17:47:49:256 [main] INFO  com.opencart.testcase.TestingPage - Entered phone number
17:47:49:346 [main] INFO  com.opencart.testcase.TestingPage - Entered password
17:47:49:428 [main] INFO  com.opencart.testcase.TestingPage - Entered confirm password
17:47:49:488 [main] INFO  com.opencart.testcase.TestingPage - Clicked on check box
17:47:50:065 [main] INFO  com.opencart.testcase.TestingPage - Clicked on Continue button
17:47:50:097 [main] INFO  com.opencart.testcase.TestingPage - Actaul and expected success message got matched
17:47:50:098 [main] INFO  com.opencart.testcase.TestingPage -  ********** Finished testingg1 ********** 
21:30:57:212 [main] INFO  org.testng.internal.Utils - [TestNG] Running:
  E:\N@veeN\Software Testing\Selenium\Selenium_Projects\OpenCartV2.2\runners\master.xml

21:31:03:412 [main] INFO  com.opencart.testcase.TestingPage -  ********** Started testingg1 ********** 
21:31:03:547 [main] INFO  com.opencart.testcase.TestingPage - Clicked on myaccount link
21:31:04:192 [main] INFO  com.opencart.testcase.TestingPage - Clicked on register link
21:31:04:342 [main] INFO  com.opencart.testcase.TestingPage - Entered firstname
21:31:04:490 [main] INFO  com.opencart.testcase.TestingPage - Entered lastname
21:31:04:670 [main] INFO  com.opencart.testcase.TestingPage - Entered email
21:31:04:822 [main] INFO  com.opencart.testcase.TestingPage - Entered phone number
21:31:04:925 [main] INFO  com.opencart.testcase.TestingPage - Entered password
21:31:05:023 [main] INFO  com.opencart.testcase.TestingPage - Entered confirm password
21:31:05:104 [main] INFO  com.opencart.testcase.TestingPage - Clicked on check box
21:31:05:754 [main] INFO  com.opencart.testcase.TestingPage - Clicked on Continue button
21:31:05:802 [main] INFO  com.opencart.testcase.TestingPage - Actaul and expected success message got matched
21:31:05:803 [main] INFO  com.opencart.testcase.TestingPage -  ********** Finished testingg1 ********** 
21:31:14:110 [main] INFO  com.opencart.testcase.TestingPage -  ********** Started testingg2 ********** 
21:31:14:220 [main] INFO  com.opencart.testcase.TestingPage - Clicked on myaccount link
21:31:14:713 [main] INFO  com.opencart.testcase.TestingPage - Clicked on register link
21:31:14:878 [main] INFO  com.opencart.testcase.TestingPage - Entered firstname
21:31:15:005 [main] INFO  com.opencart.testcase.TestingPage - Entered lastname
21:31:15:144 [main] INFO  com.opencart.testcase.TestingPage - Entered email
21:31:15:284 [main] INFO  com.opencart.testcase.TestingPage - Entered phone number
21:31:15:428 [main] INFO  com.opencart.testcase.TestingPage - Entered password
21:31:15:560 [main] INFO  com.opencart.testcase.TestingPage - Entered confirm password
21:31:15:629 [main] INFO  com.opencart.testcase.TestingPage - Clicked on check box
21:31:16:305 [main] INFO  com.opencart.testcase.TestingPage - Clicked on Continue button
21:31:16:351 [main] INFO  com.opencart.testcase.TestingPage - Actaul and expected success message got matched
21:31:16:352 [main] INFO  com.opencart.testcase.TestingPage -  ********** Finished testingg1 ********** 
21:31:23:198 [main] INFO  com.opencart.testcase.TestingPage -  ********** Started testingg3 ********** 
21:31:23:300 [main] INFO  com.opencart.testcase.TestingPage - Clicked on myaccount link
21:31:23:926 [main] INFO  com.opencart.testcase.TestingPage - Clicked on register link
21:31:24:150 [main] INFO  com.opencart.testcase.TestingPage - Entered firstname
21:31:24:306 [main] INFO  com.opencart.testcase.TestingPage - Entered lastname
21:31:24:474 [main] INFO  com.opencart.testcase.TestingPage - Entered email
21:31:24:620 [main] INFO  com.opencart.testcase.TestingPage - Entered phone number
21:31:24:726 [main] INFO  com.opencart.testcase.TestingPage - Entered password
21:31:24:827 [main] INFO  com.opencart.testcase.TestingPage - Entered confirm password
21:31:24:922 [main] INFO  com.opencart.testcase.TestingPage - Clicked on check box
21:31:25:570 [main] INFO  com.opencart.testcase.TestingPage - Clicked on Continue button
21:31:25:615 [main] INFO  com.opencart.testcase.TestingPage - Actaul and expected success message got matched
21:31:25:616 [main] INFO  com.opencart.testcase.TestingPage -  ********** Finished testingg1 ********** 
21:32:24:917 [main] INFO  org.testng.internal.Utils - [TestNG] Running:
  E:\N@veeN\Software Testing\Selenium\Selenium_Projects\OpenCartV2.2\runners\master.xml

21:34:44:833 [main] INFO  org.testng.internal.Utils - [TestNG] Running:
  E:\N@veeN\Software Testing\Selenium\Selenium_Projects\OpenCartV2.2\runners\master.xml

21:34:52:505 [main] INFO  com.opencart.testcase.TestingPage -  ********** Started testingg1 ********** 
21:34:52:720 [main] INFO  com.opencart.testcase.TestingPage - Clicked on myaccount link
21:34:53:398 [main] INFO  com.opencart.testcase.TestingPage - Clicked on register link
21:34:53:708 [main] INFO  com.opencart.testcase.TestingPage - Entered firstname
21:34:53:914 [main] INFO  com.opencart.testcase.TestingPage - Entered lastname
21:34:54:117 [main] INFO  com.opencart.testcase.TestingPage - Entered email
21:34:54:343 [main] INFO  com.opencart.testcase.TestingPage - Entered phone number
21:34:54:487 [main] INFO  com.opencart.testcase.TestingPage - Entered password
21:34:54:639 [main] INFO  com.opencart.testcase.TestingPage - Entered confirm password
21:34:54:745 [main] INFO  com.opencart.testcase.TestingPage - Clicked on check box
21:34:55:416 [main] INFO  com.opencart.testcase.TestingPage - Clicked on Continue button
21:34:55:457 [main] INFO  com.opencart.testcase.TestingPage - Actaul and expected success message got matched
21:34:55:457 [main] INFO  com.opencart.testcase.TestingPage -  ********** Finished testingg1 ********** 
21:35:05:130 [main] INFO  com.opencart.testcase.TestingPage -  ********** Started testingg2 ********** 
21:35:05:307 [main] INFO  com.opencart.testcase.TestingPage - Clicked on myaccount link
21:35:06:154 [main] INFO  com.opencart.testcase.TestingPage - Clicked on register link
21:35:06:274 [main] INFO  com.opencart.testcase.TestingPage - Entered firstname
21:35:06:383 [main] INFO  com.opencart.testcase.TestingPage - Entered lastname
21:35:06:488 [main] INFO  com.opencart.testcase.TestingPage - Entered email
21:35:06:585 [main] INFO  com.opencart.testcase.TestingPage - Entered phone number
21:35:06:676 [main] INFO  com.opencart.testcase.TestingPage - Entered password
21:35:06:783 [main] INFO  com.opencart.testcase.TestingPage - Entered confirm password
21:35:06:925 [main] INFO  com.opencart.testcase.TestingPage - Clicked on check box
21:35:07:648 [main] INFO  com.opencart.testcase.TestingPage - Clicked on Continue button
21:35:07:689 [main] INFO  com.opencart.testcase.TestingPage - Actaul and expected success message got matched
21:35:07:690 [main] INFO  com.opencart.testcase.TestingPage -  ********** Finished testingg1 ********** 
21:35:16:094 [main] INFO  com.opencart.testcase.TestingPage -  ********** Started testingg3 ********** 
21:35:16:264 [main] INFO  com.opencart.testcase.TestingPage - Clicked on myaccount link
21:35:16:977 [main] INFO  com.opencart.testcase.TestingPage - Clicked on register link
21:35:17:183 [main] INFO  com.opencart.testcase.TestingPage - Entered firstname
21:35:17:338 [main] INFO  com.opencart.testcase.TestingPage - Entered lastname
21:35:17:452 [main] INFO  com.opencart.testcase.TestingPage - Entered email
21:35:17:551 [main] INFO  com.opencart.testcase.TestingPage - Entered phone number
21:35:17:640 [main] INFO  com.opencart.testcase.TestingPage - Entered password
21:35:17:731 [main] INFO  com.opencart.testcase.TestingPage - Entered confirm password
21:35:17:807 [main] INFO  com.opencart.testcase.TestingPage - Clicked on check box
21:35:18:403 [main] INFO  com.opencart.testcase.TestingPage - Clicked on Continue button
21:35:18:456 [main] INFO  com.opencart.testcase.TestingPage - Actaul and expected success message got matched
21:35:18:457 [main] INFO  com.opencart.testcase.TestingPage -  ********** Finished testingg1 ********** 
21:36:45:259 [main] INFO  org.testng.internal.Utils - [TestNG] Running:
  E:\N@veeN\Software Testing\Selenium\Selenium_Projects\OpenCartV2.2\runners\master.xml

21:36:58:289 [main] INFO  org.testng.internal.Utils - [TestNG] Running:
  E:\N@veeN\Software Testing\Selenium\Selenium_Projects\OpenCartV2.2\runners\master.xml

21:37:03:362 [main] INFO  com.opencart.testcase.TestingPage -  ********** Started testingg1 ********** 
21:37:03:568 [main] INFO  com.opencart.testcase.TestingPage - Clicked on myaccount link
21:37:04:214 [main] INFO  com.opencart.testcase.TestingPage - Clicked on register link
21:37:04:318 [main] INFO  com.opencart.testcase.TestingPage - Entered firstname
21:37:04:419 [main] INFO  com.opencart.testcase.TestingPage - Entered lastname
21:37:04:517 [main] INFO  com.opencart.testcase.TestingPage - Entered email
21:37:04:606 [main] INFO  com.opencart.testcase.TestingPage - Entered phone number
21:37:04:684 [main] INFO  com.opencart.testcase.TestingPage - Entered password
21:37:04:765 [main] INFO  com.opencart.testcase.TestingPage - Entered confirm password
21:37:04:836 [main] INFO  com.opencart.testcase.TestingPage - Clicked on check box
21:37:05:511 [main] INFO  com.opencart.testcase.TestingPage - Clicked on Continue button
21:37:05:549 [main] INFO  com.opencart.testcase.TestingPage - Actaul and expected success message got matched
21:37:05:549 [main] INFO  com.opencart.testcase.TestingPage -  ********** Finished testingg1 ********** 
21:37:12:234 [main] INFO  com.opencart.testcase.TestingPage -  ********** Started testingg2 ********** 
21:37:12:342 [main] INFO  com.opencart.testcase.TestingPage - Clicked on myaccount link
21:37:13:013 [main] INFO  com.opencart.testcase.TestingPage - Clicked on register link
21:37:13:126 [main] INFO  com.opencart.testcase.TestingPage - Entered firstname
21:37:13:229 [main] INFO  com.opencart.testcase.TestingPage - Entered lastname
21:37:13:335 [main] INFO  com.opencart.testcase.TestingPage - Entered email
21:37:13:415 [main] INFO  com.opencart.testcase.TestingPage - Entered phone number
21:37:13:491 [main] INFO  com.opencart.testcase.TestingPage - Entered password
21:37:13:567 [main] INFO  com.opencart.testcase.TestingPage - Entered confirm password
21:37:13:632 [main] INFO  com.opencart.testcase.TestingPage - Clicked on check box
21:37:14:465 [main] INFO  com.opencart.testcase.TestingPage - Clicked on Continue button
21:37:14:507 [main] INFO  com.opencart.testcase.TestingPage - Actaul and expected success message got matched
21:37:14:507 [main] INFO  com.opencart.testcase.TestingPage -  ********** Finished testingg1 ********** 
21:37:20:270 [main] INFO  com.opencart.testcase.TestingPage -  ********** Started testingg3 ********** 
21:37:21:379 [main] INFO  com.opencart.testcase.TestingPage - Clicked on myaccount link
21:37:21:844 [main] INFO  com.opencart.testcase.TestingPage - Clicked on register link
21:37:21:955 [main] INFO  com.opencart.testcase.TestingPage - Entered firstname
21:37:22:095 [main] INFO  com.opencart.testcase.TestingPage - Entered lastname
21:37:22:196 [main] INFO  com.opencart.testcase.TestingPage - Entered email
21:37:22:280 [main] INFO  com.opencart.testcase.TestingPage - Entered phone number
21:37:22:364 [main] INFO  com.opencart.testcase.TestingPage - Entered password
21:37:22:472 [main] INFO  com.opencart.testcase.TestingPage - Entered confirm password
21:37:22:559 [main] INFO  com.opencart.testcase.TestingPage - Clicked on check box
21:37:23:160 [main] INFO  com.opencart.testcase.TestingPage - Clicked on Continue button
21:37:23:209 [main] INFO  com.opencart.testcase.TestingPage - Actaul and expected success message got matched
21:37:23:209 [main] INFO  com.opencart.testcase.TestingPage -  ********** Finished testingg1 ********** 
22:20:31:925 [main] INFO  org.testng.internal.Utils - [TestNG] Running:
  E:\N@veeN\Software Testing\Selenium\Selenium_Projects\OpenCartV2.2\runners\master.xml

22:20:36:855 [main] INFO  com.opencart.testcase.TestingPage -  ********** Started testingg1 ********** 
22:20:36:964 [main] INFO  com.opencart.testcase.TestingPage - Clicked on myaccount link
22:20:37:548 [main] INFO  com.opencart.testcase.TestingPage - Clicked on register link
22:20:37:679 [main] INFO  com.opencart.testcase.TestingPage - Entered firstname
22:20:37:774 [main] INFO  com.opencart.testcase.TestingPage - Entered lastname
22:20:37:884 [main] INFO  com.opencart.testcase.TestingPage - Entered email
22:20:37:984 [main] INFO  com.opencart.testcase.TestingPage - Entered phone number
22:20:38:068 [main] INFO  com.opencart.testcase.TestingPage - Entered password
22:20:38:149 [main] INFO  com.opencart.testcase.TestingPage - Entered confirm password
22:20:38:230 [main] INFO  com.opencart.testcase.TestingPage - Clicked on check box
22:20:38:818 [main] INFO  com.opencart.testcase.TestingPage - Clicked on Continue button
22:20:38:878 [main] INFO  com.opencart.testcase.TestingPage - Actaul and expected success message got matched
22:20:38:880 [main] INFO  com.opencart.testcase.TestingPage -  ********** Finished testingg1 ********** 
22:20:45:798 [main] INFO  com.opencart.testcase.TestingPage -  ********** Started testingg2 ********** 
22:20:45:902 [main] INFO  com.opencart.testcase.TestingPage - Clicked on myaccount link
22:20:46:432 [main] INFO  com.opencart.testcase.TestingPage - Clicked on register link
22:20:46:562 [main] INFO  com.opencart.testcase.TestingPage - Entered firstname
22:20:46:716 [main] INFO  com.opencart.testcase.TestingPage - Entered lastname
22:20:46:899 [main] INFO  com.opencart.testcase.TestingPage - Entered email
22:20:47:007 [main] INFO  com.opencart.testcase.TestingPage - Entered phone number
22:20:47:095 [main] INFO  com.opencart.testcase.TestingPage - Entered password
22:20:47:191 [main] INFO  com.opencart.testcase.TestingPage - Entered confirm password
22:20:47:272 [main] INFO  com.opencart.testcase.TestingPage - Clicked on check box
22:20:47:849 [main] INFO  com.opencart.testcase.TestingPage - Clicked on Continue button
22:20:47:902 [main] INFO  com.opencart.testcase.TestingPage - Actaul and expected success message got matched
22:20:47:903 [main] INFO  com.opencart.testcase.TestingPage -  ********** Finished testingg1 ********** 
22:20:55:213 [main] INFO  com.opencart.testcase.TestingPage -  ********** Started testingg3 ********** 
22:20:55:323 [main] INFO  com.opencart.testcase.TestingPage - Clicked on myaccount link
22:20:55:880 [main] INFO  com.opencart.testcase.TestingPage - Clicked on register link
22:20:56:048 [main] INFO  com.opencart.testcase.TestingPage - Entered firstname
22:20:56:168 [main] INFO  com.opencart.testcase.TestingPage - Entered lastname
22:20:56:299 [main] INFO  com.opencart.testcase.TestingPage - Entered email
22:20:56:397 [main] INFO  com.opencart.testcase.TestingPage - Entered phone number
22:20:56:468 [main] INFO  com.opencart.testcase.TestingPage - Entered password
22:20:56:554 [main] INFO  com.opencart.testcase.TestingPage - Entered confirm password
22:20:56:615 [main] INFO  com.opencart.testcase.TestingPage - Clicked on check box
22:20:57:233 [main] INFO  com.opencart.testcase.TestingPage - Clicked on Continue button
22:20:57:267 [main] INFO  com.opencart.testcase.TestingPage - Actaul and expected success message got matched
22:20:57:267 [main] INFO  com.opencart.testcase.TestingPage -  ********** Finished testingg1 ********** 
22:21:05:504 [main] INFO  com.opencart.testcase.TestingPage -  ********** Started testingg1 ********** 
22:21:05:668 [main] INFO  com.opencart.testcase.TestingPage - Clicked on myaccount link
22:21:06:253 [main] INFO  com.opencart.testcase.TestingPage - Clicked on register link
22:21:06:355 [main] INFO  com.opencart.testcase.TestingPage - Entered firstname
22:21:06:445 [main] INFO  com.opencart.testcase.TestingPage - Entered lastname
22:21:06:545 [main] INFO  com.opencart.testcase.TestingPage - Entered email
22:21:06:640 [main] INFO  com.opencart.testcase.TestingPage - Entered phone number
22:21:06:730 [main] INFO  com.opencart.testcase.TestingPage - Entered password
22:21:06:822 [main] INFO  com.opencart.testcase.TestingPage - Entered confirm password
22:21:06:895 [main] INFO  com.opencart.testcase.TestingPage - Clicked on check box
22:21:07:749 [main] INFO  com.opencart.testcase.TestingPage - Clicked on Continue button
22:21:07:796 [main] INFO  com.opencart.testcase.TestingPage - Actaul and expected success message got matched
22:21:07:796 [main] INFO  com.opencart.testcase.TestingPage -  ********** Finished testingg1 ********** 
22:21:16:377 [main] INFO  com.opencart.testcase.TestingPage -  ********** Started testingg2 ********** 
22:21:16:526 [main] INFO  com.opencart.testcase.TestingPage - Clicked on myaccount link
22:21:17:108 [main] INFO  com.opencart.testcase.TestingPage - Clicked on register link
22:21:17:208 [main] INFO  com.opencart.testcase.TestingPage - Entered firstname
22:21:17:300 [main] INFO  com.opencart.testcase.TestingPage - Entered lastname
22:21:17:400 [main] INFO  com.opencart.testcase.TestingPage - Entered email
22:21:17:483 [main] INFO  com.opencart.testcase.TestingPage - Entered phone number
22:21:17:582 [main] INFO  com.opencart.testcase.TestingPage - Entered password
22:21:17:712 [main] INFO  com.opencart.testcase.TestingPage - Entered confirm password
22:21:17:787 [main] INFO  com.opencart.testcase.TestingPage - Clicked on check box
22:21:18:337 [main] INFO  com.opencart.testcase.TestingPage - Clicked on Continue button
22:21:18:373 [main] INFO  com.opencart.testcase.TestingPage - Actaul and expected success message got matched
22:21:18:373 [main] INFO  com.opencart.testcase.TestingPage -  ********** Finished testingg1 ********** 
22:21:26:698 [main] INFO  com.opencart.testcase.TestingPage -  ********** Started testingg3 ********** 
22:21:26:793 [main] INFO  com.opencart.testcase.TestingPage - Clicked on myaccount link
22:21:27:357 [main] INFO  com.opencart.testcase.TestingPage - Clicked on register link
22:21:27:459 [main] INFO  com.opencart.testcase.TestingPage - Entered firstname
22:21:27:569 [main] INFO  com.opencart.testcase.TestingPage - Entered lastname
22:21:27:780 [main] INFO  com.opencart.testcase.TestingPage - Entered email
22:21:27:888 [main] INFO  com.opencart.testcase.TestingPage - Entered phone number
22:21:27:974 [main] INFO  com.opencart.testcase.TestingPage - Entered password
22:21:28:053 [main] INFO  com.opencart.testcase.TestingPage - Entered confirm password
22:21:28:119 [main] INFO  com.opencart.testcase.TestingPage - Clicked on check box
22:21:28:698 [main] INFO  com.opencart.testcase.TestingPage - Clicked on Continue button
22:21:28:736 [main] INFO  com.opencart.testcase.TestingPage - Actaul and expected success message got matched
22:21:28:736 [main] INFO  com.opencart.testcase.TestingPage -  ********** Finished testingg1 ********** 
22:24:59:267 [main] INFO  org.testng.internal.Utils - [TestNG] Running:
  E:\N@veeN\Software Testing\Selenium\Selenium_Projects\OpenCartV2.2\runners\master.xml

22:25:04:136 [main] INFO  com.opencart.testcase.TestingPage -  ********** Started testingg1 ********** 
22:25:04:410 [main] INFO  com.opencart.testcase.TestingPage - Clicked on myaccount link
22:25:05:045 [main] INFO  com.opencart.testcase.TestingPage - Clicked on register link
22:25:05:157 [main] INFO  com.opencart.testcase.TestingPage - Entered firstname
22:25:05:262 [main] INFO  com.opencart.testcase.TestingPage - Entered lastname
22:25:05:407 [main] INFO  com.opencart.testcase.TestingPage - Entered email
